[12:37:19] [Client thread/INFO]: Setting user: Player58
[12:37:19] [Client thread/INFO]: (Session ID is token:0:Player58)
[12:37:20] [Client thread/INFO]: [OptiFine] *** Reflector Forge ***
[12:37:20] [Client thread/INFO]: [OptiFine] *** Reflector Vanilla ***
[12:37:20] [Client thread/INFO]: [OptiFine] (Reflector) Class not present: net.minecraftforge.fml.common.eventhandler.Event$Result
[12:37:20] [Client thread/INFO]: [OptiFine] (Reflector) Class not present: net.minecraft.launchwrapper.Launch
[12:37:20] [Client thread/INFO]: LWJGL Version: 2.9.4
[12:37:20] [Client thread/INFO]: [OptiFine] 
[12:37:20] [Client thread/INFO]: [OptiFine] OptiFine_1.8.9_HD_U_M6_pre2
[12:37:20] [Client thread/INFO]: [OptiFine] Build: null
[12:37:20] [Client thread/INFO]: [OptiFine] OS: Windows 11 (amd64) version 10.0
[12:37:20] [Client thread/INFO]: [OptiFine] Java: 1.8.0_371, Oracle Corporation
[12:37:20] [Client thread/INFO]: [OptiFine] VM: Java HotSpot(TM) 64-Bit Server VM (mixed mode), Oracle Corporation
[12:37:20] [Client thread/INFO]: [OptiFine] LWJGL: 2.9.4
[12:37:20] [Client thread/INFO]: [OptiFine] OpenGL: NVIDIA GeForce RTX 3060 Ti/PCIe/SSE2, version 4.6.0 NVIDIA 560.94, NVIDIA Corporation
[12:37:20] [Client thread/INFO]: [OptiFine] OpenGL Version: 4.6.0
[12:37:20] [Client thread/INFO]: [OptiFine] Maximum texture size: 32768x32768
[12:37:20] [VersionCheck/INFO]: [OptiFine] Checking for new version
[12:37:20] [Client thread/INFO]: [Shaders] OpenGL Version: 4.6.0 NVIDIA 560.94
[12:37:20] [Client thread/INFO]: [Shaders] Vendor:  NVIDIA Corporation
[12:37:20] [Client thread/INFO]: [Shaders] Renderer: NVIDIA GeForce RTX 3060 Ti/PCIe/SSE2
[12:37:20] [Client thread/INFO]: [Shaders] Capabilities:  2.0  2.1  3.0  3.2  4.0 
[12:37:20] [Client thread/INFO]: [Shaders] GL_MAX_DRAW_BUFFERS: 8
[12:37:20] [Client thread/INFO]: [Shaders] GL_MAX_COLOR_ATTACHMENTS_EXT: 8
[12:37:20] [Client thread/INFO]: [Shaders] GL_MAX_TEXTURE_IMAGE_UNITS: 32
[12:37:20] [Client thread/INFO]: [Shaders] Load shaders configuration.
[12:37:20] [Client thread/INFO]: [Shaders] Save shaders configuration.
[12:37:20] [Client thread/INFO]: [Shaders] No shaderpack loaded.
[12:37:20] [Client thread/INFO]: [OptiFine] (Reflector) Class not present: net.minecraftforge.fml.common.Loader
[12:37:20] [Client thread/INFO]: [OptiFine] (Reflector) Class not present: net.minecraftforge.fml.client.SplashProgress
[12:37:20] [Client thread/INFO]: Reloading ResourceManager: Default
[12:37:20] [Client thread/INFO]: [OptiFine] (Reflector) Class not present: optifine.OptiFineClassTransformer
[12:37:20] [Client thread/INFO]: [OptiFine] *** Reloading textures ***
[12:37:20] [Client thread/INFO]: [OptiFine] Resource packs: Default
[12:37:21] [Client thread/INFO]: [OptiFine] (Reflector) Class not present: net.minecraftforge.client.model.Attributes
[12:37:21] [Client thread/INFO]: [OptiFine] (Reflector) Method not present: net.minecraft.client.renderer.vertex.VertexFormatElement$EnumUsage.preDraw
[12:37:21] [Client thread/INFO]: [OptiFine] (Reflector) Method not present: net.minecraft.client.renderer.vertex.VertexFormatElement$EnumUsage.postDraw
[12:37:21] [Sound Library Loader/INFO]: Starting up SoundSystem...
[12:37:21] [VersionCheck/INFO]: [OptiFine] Version found: M5
[12:37:21] [Thread-6/INFO]: Initializing LWJGL OpenAL
[12:37:21] [Thread-6/INFO]: (The LWJGL binding of OpenAL.  For more information, see http://www.lwjgl.org)
[12:37:21] [Thread-6/INFO]: OpenAL initialized.
[12:37:21] [Sound Library Loader/INFO]: Sound engine started
[12:37:21] [Client thread/INFO]: [OptiFine] (Reflector) Class not present: net.minecraftforge.client.ForgeHooksClient
[12:37:22] [Client thread/INFO]: [OptiFine] Mipmap levels: 4
[12:37:22] [Client thread/INFO]: [OptiFine] Multitexture: false
[12:37:22] [Client thread/INFO]: [OptiFine] ConnectedTextures: mcpatcher/ctm/default/0_glass_white/glass_pane_white.properties
[12:37:22] [Client thread/INFO]: [OptiFine] ConnectedTextures: mcpatcher/ctm/default/0_glass_white/glass_white.properties
[12:37:22] [Client thread/INFO]: [OptiFine] ConnectedTextures: mcpatcher/ctm/default/10_glass_purple/glass_pane_purple.properties
[12:37:22] [Client thread/INFO]: [OptiFine] ConnectedTextures: mcpatcher/ctm/default/10_glass_purple/glass_purple.properties
[12:37:22] [Client thread/INFO]: [OptiFine] ConnectedTextures: mcpatcher/ctm/default/11_glass_blue/glass_blue.properties
[12:37:22] [Client thread/INFO]: [OptiFine] ConnectedTextures: mcpatcher/ctm/default/11_glass_blue/glass_pane_blue.properties
[12:37:22] [Client thread/INFO]: [OptiFine] ConnectedTextures: mcpatcher/ctm/default/12_glass_brown/glass_brown.properties
[12:37:22] [Client thread/INFO]: [OptiFine] ConnectedTextures: mcpatcher/ctm/default/12_glass_brown/glass_pane_brown.properties
[12:37:22] [Client thread/INFO]: [OptiFine] ConnectedTextures: mcpatcher/ctm/default/13_glass_green/glass_green.properties
[12:37:22] [Client thread/INFO]: [OptiFine] ConnectedTextures: mcpatcher/ctm/default/13_glass_green/glass_pane_green.properties
[12:37:22] [Client thread/INFO]: [OptiFine] ConnectedTextures: mcpatcher/ctm/default/14_glass_red/glass_pane_red.properties
[12:37:22] [Client thread/INFO]: [OptiFine] ConnectedTextures: mcpatcher/ctm/default/14_glass_red/glass_red.properties
[12:37:22] [Client thread/INFO]: [OptiFine] ConnectedTextures: mcpatcher/ctm/default/15_glass_black/glass_black.properties
[12:37:22] [Client thread/INFO]: [OptiFine] ConnectedTextures: mcpatcher/ctm/default/15_glass_black/glass_pane_black.properties
[12:37:22] [Client thread/INFO]: [OptiFine] ConnectedTextures: mcpatcher/ctm/default/1_glass_orange/glass_orange.properties
[12:37:22] [Client thread/INFO]: [OptiFine] ConnectedTextures: mcpatcher/ctm/default/1_glass_orange/glass_pane_orange.properties
[12:37:22] [Client thread/INFO]: [OptiFine] ConnectedTextures: mcpatcher/ctm/default/2_glass_magenta/glass_magenta.properties
[12:37:22] [Client thread/INFO]: [OptiFine] ConnectedTextures: mcpatcher/ctm/default/2_glass_magenta/glass_pane_magenta.properties
[12:37:22] [Client thread/INFO]: [OptiFine] ConnectedTextures: mcpatcher/ctm/default/3_glass_light_blue/glass_light_blue.properties
[12:37:22] [Client thread/INFO]: [OptiFine] ConnectedTextures: mcpatcher/ctm/default/3_glass_light_blue/glass_pane_light_blue.properties
[12:37:22] [Client thread/INFO]: [OptiFine] ConnectedTextures: mcpatcher/ctm/default/4_glass_yellow/glass_pane_yellow.properties
[12:37:22] [Client thread/INFO]: [OptiFine] ConnectedTextures: mcpatcher/ctm/default/4_glass_yellow/glass_yellow.properties
[12:37:22] [Client thread/INFO]: [OptiFine] ConnectedTextures: mcpatcher/ctm/default/5_glass_lime/glass_lime.properties
[12:37:22] [Client thread/INFO]: [OptiFine] ConnectedTextures: mcpatcher/ctm/default/5_glass_lime/glass_pane_lime.properties
[12:37:22] [Client thread/INFO]: [OptiFine] ConnectedTextures: mcpatcher/ctm/default/6_glass_pink/glass_pane_pink.properties
[12:37:22] [Client thread/INFO]: [OptiFine] ConnectedTextures: mcpatcher/ctm/default/6_glass_pink/glass_pink.properties
[12:37:22] [Client thread/INFO]: [OptiFine] ConnectedTextures: mcpatcher/ctm/default/7_glass_gray/glass_gray.properties
[12:37:22] [Client thread/INFO]: [OptiFine] ConnectedTextures: mcpatcher/ctm/default/7_glass_gray/glass_pane_gray.properties
[12:37:22] [Client thread/INFO]: [OptiFine] ConnectedTextures: mcpatcher/ctm/default/8_glass_silver/glass_pane_silver.properties
[12:37:22] [Client thread/INFO]: [OptiFine] ConnectedTextures: mcpatcher/ctm/default/8_glass_silver/glass_silver.properties
[12:37:22] [Client thread/INFO]: [OptiFine] ConnectedTextures: mcpatcher/ctm/default/9_glass_cyan/glass_cyan.properties
[12:37:22] [Client thread/INFO]: [OptiFine] ConnectedTextures: mcpatcher/ctm/default/9_glass_cyan/glass_pane_cyan.properties
[12:37:22] [Client thread/INFO]: [OptiFine] ConnectedTextures: mcpatcher/ctm/default/bookshelf.properties
[12:37:22] [Client thread/INFO]: [OptiFine] ConnectedTextures: mcpatcher/ctm/default/glass.properties
[12:37:22] [Client thread/INFO]: [OptiFine] ConnectedTextures: mcpatcher/ctm/default/glasspane.properties
[12:37:22] [Client thread/INFO]: [OptiFine] ConnectedTextures: mcpatcher/ctm/default/sandstone.properties
[12:37:22] [Client thread/INFO]: [OptiFine] Multipass connected textures: false
[12:37:22] [Client thread/INFO]: [OptiFine] BetterGrass: Parsing default configuration optifine/bettergrass.properties
[12:37:23] [Client thread/INFO]: Created: 1024x512 textures-atlas
[12:37:23] [Client thread/INFO]: [OptiFine] Animated sprites: 11
[12:37:23] [Client thread/INFO]: [OptiFine] (Reflector) Class not present: net.minecraftforge.client.model.ModelLoader
[12:37:23] [Client thread/INFO]: [OptiFine] (Reflector) Class not present: net.minecraftforge.client.ItemModelMesherForge
[12:37:23] [Client thread/INFO]: [OptiFine] (Reflector) Class not present: net.minecraftforge.fml.client.registry.RenderingRegistry
[12:37:23] [Client thread/INFO]: [OptiFine] (Reflector) Class not present: net.minecraftforge.common.ForgeModContainer
[12:37:23] [Client thread/INFO]: [OptiFine] (Reflector) Class not present: mods.betterfoliage.client.BetterFoliageClient
[12:37:23] [Client thread/INFO]: [OptiFine] (Reflector) Class not present: net.minecraftforge.fml.common.asm.transformers.BlamingTransformer
[12:37:23] [Client thread/INFO]: [OptiFine] (Reflector) Class not present: net.minecraftforge.event.world.ChunkWatchEvent$UnWatch
[12:37:23] [Client thread/INFO]: [OptiFine] (Reflector) Class not present: net.minecraftforge.fml.relauncher.CoreModManager
[12:37:23] [Client thread/INFO]: [OptiFine] (Reflector) Class not present: net.minecraftforge.common.DimensionManager
[12:37:23] [Client thread/INFO]: [OptiFine] (Reflector) Class not present: net.minecraftforge.client.event.GuiScreenEvent$DrawScreenEvent$Pre
[12:37:23] [Client thread/INFO]: [OptiFine] (Reflector) Class not present: net.minecraftforge.client.event.GuiScreenEvent$DrawScreenEvent$Post
[12:37:23] [Client thread/INFO]: [OptiFine] (Reflector) Class not present: net.minecraftforge.client.event.EntityViewRenderEvent$CameraSetup
[12:37:23] [Client thread/INFO]: [OptiFine] (Reflector) Class not present: net.minecraftforge.client.event.EntityViewRenderEvent$FogColors
[12:37:23] [Client thread/INFO]: [OptiFine] (Reflector) Class not present: net.minecraftforge.fml.common.eventhandler.Event
[12:37:23] [Client thread/INFO]: [OptiFine] (Reflector) Class not present: net.minecraftforge.fml.common.eventhandler.EventBus
[12:37:23] [Client thread/INFO]: [OptiFine] (Reflector) Class not present: net.minecraftforge.common.property.ExtendedBlockState
[12:37:23] [Client thread/INFO]: [OptiFine] (Reflector) Class not present: net.minecraftforge.fml.client.FMLClientHandler
[12:37:23] [Client thread/INFO]: [OptiFine] (Reflector) Class not present: net.minecraftforge.fml.common.FMLCommonHandler
[12:37:23] [Client thread/INFO]: [OptiFine] (Reflector) Method not present: net.minecraft.world.biome.BiomeGenBase.getWaterColorMultiplier
[12:37:23] [Client thread/INFO]: [OptiFine] (Reflector) Method not present: net.minecraft.block.Block.addDestroyEffects
[12:37:23] [Client thread/INFO]: [OptiFine] (Reflector) Method not present: net.minecraft.block.Block.addHitEffects
[12:37:23] [Client thread/INFO]: [OptiFine] (Reflector) Method not present: net.minecraft.block.Block.canCreatureSpawn
[12:37:23] [Client thread/INFO]: [OptiFine] (Reflector) Method not present: net.minecraft.block.Block.canRenderInLayer
[12:37:23] [Client thread/INFO]: [OptiFine] (Reflector) Method not present: net.minecraft.block.Block.doesSideBlockRendering
[12:37:23] [Client thread/INFO]: [OptiFine] (Reflector) Method not present: net.minecraft.block.Block.getBedDirection
[12:37:23] [Client thread/INFO]: [OptiFine] (Reflector) Method not present: net.minecraft.block.Block.getExtendedState
[12:37:23] [Client thread/INFO]: [OptiFine] (Reflector) Method not present: net.minecraft.block.Block.getLightOpacity
[12:37:23] [Client thread/INFO]: [OptiFine] (Reflector) Method not present: net.minecraft.block.Block.getLightValue
[12:37:23] [Client thread/INFO]: [OptiFine] (Reflector) Method not present: net.minecraft.block.Block.hasTileEntity
[12:37:23] [Client thread/INFO]: [OptiFine] (Reflector) Method not present: net.minecraft.block.Block.isAir
[12:37:23] [Client thread/INFO]: [OptiFine] (Reflector) Method not present: net.minecraft.block.Block.isBed
[12:37:23] [Client thread/INFO]: [OptiFine] (Reflector) Method not present: net.minecraft.block.Block.isBedFoot
[12:37:23] [Client thread/INFO]: [OptiFine] (Reflector) Method not present: net.minecraft.block.Block.isSideSolid
[12:37:23] [Client thread/INFO]: [OptiFine] (Reflector) Method not present: net.minecraft.world.ChunkCache.isSideSolid
[12:37:23] [Client thread/INFO]: [OptiFine] (Reflector) Method not present: net.minecraft.entity.Entity.canRiderInteract
[12:37:23] [Client thread/INFO]: [OptiFine] (Reflector) Field not present: net.minecraft.entity.Entity.captureDrops
[12:37:23] [Client thread/INFO]: [OptiFine] (Reflector) Field not present: net.minecraft.entity.Entity.capturedDrops
[12:37:23] [Client thread/INFO]: [OptiFine] (Reflector) Method not present: net.minecraft.entity.Entity.shouldRenderInPass
[12:37:23] [Client thread/INFO]: [OptiFine] (Reflector) Method not present: net.minecraft.entity.Entity.shouldRiderSit
[12:37:23] [Client thread/INFO]: [OptiFine] (Reflector) Class not present: net.minecraftforge.event.ForgeEventFactory
[12:37:23] [Client thread/INFO]: [OptiFine] (Reflector) Class not present: net.minecraftforge.common.ForgeHooks
[12:37:23] [Client thread/INFO]: [OptiFine] (Reflector) Field not present: net.minecraft.item.Item.delegate
[12:37:23] [Client thread/INFO]: [OptiFine] (Reflector) Method not present: net.minecraft.item.Item.getDurabilityForDisplay
[12:37:23] [Client thread/INFO]: [OptiFine] (Reflector) Method not present: net.minecraft.item.Item.getModel
[12:37:23] [Client thread/INFO]: [OptiFine] (Reflector) Method not present: net.minecraft.item.Item.onEntitySwing
[12:37:23] [Client thread/INFO]: [OptiFine] (Reflector) Method not present: net.minecraft.item.Item.shouldCauseReequipAnimation
[12:37:23] [Client thread/INFO]: [OptiFine] (Reflector) Method not present: net.minecraft.item.Item.showDurabilityBar
[12:37:23] [Client thread/INFO]: [OptiFine] (Reflector) Method not present: net.minecraft.potion.PotionEffect.isCurativeItem
[12:37:23] [Client thread/INFO]: [OptiFine] (Reflector) Method not present: net.minecraft.tileentity.TileEntity.canRenderBreaking
[12:37:23] [Client thread/INFO]: [OptiFine] (Reflector) Method not present: net.minecraft.tileentity.TileEntity.getRenderBoundingBox
[12:37:23] [Client thread/INFO]: [OptiFine] (Reflector) Method not present: net.minecraft.tileentity.TileEntity.hasFastRenderer
[12:37:23] [Client thread/INFO]: [OptiFine] (Reflector) Method not present: net.minecraft.tileentity.TileEntity.shouldRenderInPass
[12:37:23] [Client thread/INFO]: [OptiFine] (Reflector) Method not present: net.minecraft.world.World.countEntities
[12:37:23] [Client thread/INFO]: [OptiFine] (Reflector) Method not present: net.minecraft.world.World.getPerWorldStorage
[12:37:23] [Client thread/INFO]: [OptiFine] (Reflector) Method not present: net.minecraft.world.WorldProvider.getCloudRenderer
[12:37:23] [Client thread/INFO]: [OptiFine] (Reflector) Method not present: net.minecraft.world.WorldProvider.getSkyRenderer
[12:37:23] [Client thread/INFO]: [OptiFine] (Reflector) Method not present: net.minecraft.world.WorldProvider.getWeatherRenderer
[12:37:23] [Client thread/INFO]: [OptiFine] (Reflector) Method not present: net.minecraft.world.WorldProvider.getSaveFolder
[12:37:23] [Client thread/INFO]: [OptiFine] (Reflector) Class not present: net.minecraftforge.fml.client.GuiModList
[12:37:23] [Client thread/INFO]: [OptiFine] (Reflector) Class not present: net.minecraftforge.client.model.IColoredBakedQuad
[12:37:23] [Client thread/INFO]: [OptiFine] (Reflector) Class not present: net.minecraftforge.common.property.IExtendedBlockState
[12:37:23] [Client thread/INFO]: [OptiFine] (Reflector) Class not present: net.minecraftforge.client.model.IModel
[12:37:23] [Client thread/INFO]: [OptiFine] (Reflector) Class not present: net.minecraftforge.client.IRenderHandler
[12:37:23] [Client thread/INFO]: [OptiFine] (Reflector) Class not present: net.minecraftforge.client.model.pipeline.LightUtil
[12:37:23] [Client thread/INFO]: [OptiFine] (Reflector) Class not present: net.minecraftforge.common.MinecraftForge
[12:37:23] [Client thread/INFO]: [OptiFine] (Reflector) Class not present: net.minecraftforge.client.MinecraftForgeClient
[12:37:23] [Client thread/INFO]: [OptiFine] (Reflector) Class not present: net.minecraftforge.fml.common.ModContainer
[12:37:23] [Client thread/INFO]: [OptiFine] (Reflector) Class not present: net.minecraftforge.client.model.ModelLoader$VanillaLoader
[12:37:23] [Client thread/INFO]: [OptiFine] (Reflector) Class not present: net.minecraftforge.client.event.RenderBlockOverlayEvent$OverlayType
[12:37:23] [Client thread/INFO]: [OptiFine] (Reflector) Class not present: net.minecraftforge.client.event.RenderItemInFrameEvent
[12:37:23] [Client thread/INFO]: [OptiFine] (Reflector) Class not present: net.minecraftforge.client.event.RenderLivingEvent$Pre
[12:37:23] [Client thread/INFO]: [OptiFine] (Reflector) Class not present: net.minecraftforge.client.event.RenderLivingEvent$Post
[12:37:23] [Client thread/INFO]: [OptiFine] (Reflector) Class not present: net.minecraftforge.client.event.RenderLivingEvent$Specials$Pre
[12:37:23] [Client thread/INFO]: [OptiFine] (Reflector) Class not present: net.minecraftforge.client.event.RenderLivingEvent$Specials$Post
[12:37:23] [Client thread/INFO]: [OptiFine] (Reflector) Class not present: net.minecraftforge.event.world.WorldEvent$Load
[12:37:23] [Client thread/INFO]: [OptiFine] *** Reloading custom textures ***
[12:37:23] [Client thread/INFO]: [OptiFine] Enable face culling: acacia_leaves, birch_leaves, dark_oak_leaves, jungle_leaves, oak_leaves, spruce_leaves
[12:37:50] [Client thread/INFO]: Connecting to anticheat-test.com, 25565
[12:37:52] [Client thread/INFO]: [CHAT]                                      
[12:37:52] [Client thread/INFO]: [CHAT] You joined with the client brand: vanilla
[12:37:54] [Client thread/INFO]: [CHAT] Your current language is: English use /language to change it
[12:37:54] [Client thread/INFO]: [CHAT] To view all commands use /help
[12:37:59] [Client thread/INFO]: [CHAT] §f[§aCryptix§f] Loaded config: blocksmc
[12:38:12] [Client thread/INFO]: Connecting to ccc.blocksmc.com., 25565
[12:38:39] [Client thread/INFO]: Connecting to ccc.blocksmc.com., 25565
[12:38:50] [Client thread/INFO]: Connecting to ccc.blocksmc.com., 25565
[12:39:18] [Client thread/INFO]: Connecting to ccc.blocksmc.com., 25565
[12:39:29] [Client thread/INFO]: Connecting to ccc.blocksmc.com., 25565
[12:39:40] [Client thread/INFO]: Connecting to ccc.blocksmc.com., 25565
[12:39:50] [Client thread/INFO]: Connecting to ccc.blocksmc.com., 25565
[12:40:15] [Client thread/INFO]: Connecting to ccc.blocksmc.com., 25565
[12:40:31] [Client thread/INFO]: Connecting to ccc.blocksmc.com., 25565
[12:40:36] [Client thread/INFO]: Connecting to ccc.blocksmc.com., 25565
[12:40:46] [Client thread/INFO]: Connecting to ccc.blocksmc.com., 25565
[12:40:47] [Client thread/INFO]: [CHAT] 
[12:40:47] [Client thread/INFO]: [CHAT] 
[12:40:47] [Client thread/INFO]: [CHAT] 
[12:40:47] [Client thread/INFO]: [CHAT] 
[12:40:47] [Client thread/INFO]: [CHAT] 
[12:40:47] [Client thread/INFO]: [CHAT] 
[12:40:47] [Client thread/INFO]: [CHAT] 
[12:40:47] [Client thread/INFO]: [CHAT] 
[12:40:47] [Client thread/INFO]: [CHAT] 
[12:40:47] [Client thread/INFO]: [CHAT] 
[12:40:47] [Client thread/INFO]: [CHAT] 
[12:40:47] [Client thread/INFO]: [CHAT] 
[12:40:47] [Client thread/INFO]: [CHAT] 
[12:40:47] [Client thread/INFO]: [CHAT] 
[12:40:47] [Client thread/INFO]: [CHAT] 
[12:40:47] [Client thread/INFO]: [CHAT] 
[12:40:47] [Client thread/INFO]: [CHAT] 
[12:40:47] [Client thread/INFO]: [CHAT] 
[12:40:47] [Client thread/INFO]: [CHAT] 
[12:40:47] [Client thread/INFO]: [CHAT] 
[12:40:47] [Client thread/INFO]: [CHAT] 
[12:40:47] [Client thread/INFO]: [CHAT] 
[12:40:47] [Client thread/INFO]: [CHAT] 
[12:40:47] [Client thread/INFO]: [CHAT] 
[12:40:47] [Client thread/INFO]: [CHAT] 
[12:40:47] [Client thread/INFO]: [CHAT] 
[12:40:47] [Client thread/INFO]: [CHAT] 
[12:40:47] [Client thread/INFO]: [CHAT] 
[12:40:47] [Client thread/INFO]: [CHAT] 
[12:40:47] [Client thread/INFO]: [CHAT] 
[12:40:47] [Client thread/INFO]: [CHAT] 
[12:40:47] [Client thread/INFO]: [CHAT] 
[12:40:47] [Client thread/INFO]: [CHAT] 
[12:40:47] [Client thread/INFO]: [CHAT] 
[12:40:47] [Client thread/INFO]: [CHAT] 
[12:40:47] [Client thread/INFO]: [CHAT] 
[12:40:47] [Client thread/INFO]: [CHAT] 
[12:40:47] [Client thread/INFO]: [CHAT] 
[12:40:47] [Client thread/INFO]: [CHAT] 
[12:40:47] [Client thread/INFO]: [CHAT] 
[12:40:47] [Client thread/INFO]: [CHAT] 
[12:40:47] [Client thread/INFO]: [CHAT] 
[12:40:47] [Client thread/INFO]: [CHAT] 
[12:40:47] [Client thread/INFO]: [CHAT] 
[12:40:47] [Client thread/INFO]: [CHAT] 
[12:40:47] [Client thread/INFO]: [CHAT] 
[12:40:47] [Client thread/INFO]: [CHAT] 
[12:40:47] [Client thread/INFO]: [CHAT] 
[12:40:47] [Client thread/INFO]: [CHAT] 
[12:40:47] [Client thread/INFO]: [CHAT] 
[12:40:47] [Client thread/INFO]: [CHAT] 
[12:40:47] [Client thread/INFO]: [CHAT] /register <password> <password>
[12:40:54] [Client thread/INFO]: [CHAT] Successful Register.
[12:40:54] [Client thread/INFO]: [CHAT] ? BlocksMC ? If you have a premium minecraft account you may join through:
[12:40:54] [Client thread/INFO]: [CHAT] ? BlocksMC ? PREMIUM.BLOCKSMC.COM
[12:40:54] [Client thread/INFO]: [CHAT] 
[12:40:54] [Client thread/INFO]: [CHAT] 
[12:40:54] [Client thread/INFO]: [CHAT]                         Welcome to BlocksMC
[12:40:54] [Client thread/INFO]: [CHAT]                 We have 502 players at our network
[12:40:54] [Client thread/INFO]: [CHAT] 
[12:40:54] [Client thread/INFO]: [CHAT]                          Check out these links:
[12:40:54] [Client thread/INFO]: [CHAT]      Website - Rules - Store - Support - Discord - Vote
[12:40:54] [Client thread/INFO]: [CHAT] 
[12:40:54] [Client thread/INFO]: [CHAT]                                Have Fun ?
[12:40:54] [Client thread/INFO]: [CHAT] 
[12:41:14] [Client thread/INFO]: [CHAT] waetybeewax wants to fight!
[12:41:37] [Client thread/INFO]: [CHAT] §f[§aCryptix§f] Saved config as: blocksmc
[12:42:01] [Client thread/INFO]: [CHAT] ? BC ? You can create a chatreport by typing /chatreport <username>
[12:42:50] [Client thread/INFO]: [CHAT] ? SkyWars Solo ? Warmup started. You will be teleported in the next 10 seconds.
[12:42:52] [Client thread/FATAL]: Error executing task
java.util.concurrent.ExecutionException: java.lang.NullPointerException
	at java.util.concurrent.FutureTask.report(Unknown Source) ~[?:1.8.0_371]
	at java.util.concurrent.FutureTask.get(Unknown Source) ~[?:1.8.0_371]
	at net.minecraft.util.Util.runTask(Util.java:20) [bin/:?]
	at net.minecraft.client.Minecraft.runGameLoop(Minecraft.java:1001) [bin/:?]
	at net.minecraft.client.Minecraft.run(Minecraft.java:350) [bin/:?]
	at net.minecraft.client.main.Main.main(Main.java:113) [bin/:?]
	at Start.main(Start.java:11) [bin/:?]
Caused by: java.lang.NullPointerException
	at net.minecraft.client.network.NetHandlerPlayClient.handleSpawnPlayer(NetHandlerPlayClient.java:481) ~[bin/:?]
	at net.minecraft.network.play.server.S0CPacketSpawnPlayer.processPacket(S0CPacketSpawnPlayer.java:74) ~[bin/:?]
	at net.minecraft.network.play.server.S0CPacketSpawnPlayer.processPacket(S0CPacketSpawnPlayer.java:1) ~[bin/:?]
	at net.minecraft.network.PacketThreadUtil$1.run(PacketThreadUtil.java:22) ~[bin/:?]
	at java.util.concurrent.Executors$RunnableAdapter.call(Unknown Source) ~[?:1.8.0_371]
	at java.util.concurrent.FutureTask.run(Unknown Source) ~[?:1.8.0_371]
	at net.minecraft.util.Util.runTask(Util.java:19) ~[bin/:?]
	... 4 more
[12:43:17] [Client thread/FATAL]: Error executing task
java.util.concurrent.ExecutionException: java.lang.NullPointerException
	at java.util.concurrent.FutureTask.report(Unknown Source) ~[?:1.8.0_371]
	at java.util.concurrent.FutureTask.get(Unknown Source) ~[?:1.8.0_371]
	at net.minecraft.util.Util.runTask(Util.java:20) [bin/:?]
	at net.minecraft.client.Minecraft.runGameLoop(Minecraft.java:1001) [bin/:?]
	at net.minecraft.client.Minecraft.run(Minecraft.java:350) [bin/:?]
	at net.minecraft.client.main.Main.main(Main.java:113) [bin/:?]
	at Start.main(Start.java:11) [bin/:?]
Caused by: java.lang.NullPointerException
	at net.minecraft.client.network.NetHandlerPlayClient.handleSpawnPlayer(NetHandlerPlayClient.java:481) ~[bin/:?]
	at net.minecraft.network.play.server.S0CPacketSpawnPlayer.processPacket(S0CPacketSpawnPlayer.java:74) ~[bin/:?]
	at net.minecraft.network.play.server.S0CPacketSpawnPlayer.processPacket(S0CPacketSpawnPlayer.java:1) ~[bin/:?]
	at net.minecraft.network.PacketThreadUtil$1.run(PacketThreadUtil.java:22) ~[bin/:?]
	at java.util.concurrent.Executors$RunnableAdapter.call(Unknown Source) ~[?:1.8.0_371]
	at java.util.concurrent.FutureTask.run(Unknown Source) ~[?:1.8.0_371]
	at net.minecraft.util.Util.runTask(Util.java:19) ~[bin/:?]
	... 4 more
[12:43:17] [Client thread/INFO]: [CHAT] dmacada wants to fight!
[12:43:47] [Client thread/FATAL]: Error executing task
java.util.concurrent.ExecutionException: java.lang.NullPointerException
	at java.util.concurrent.FutureTask.report(Unknown Source) ~[?:1.8.0_371]
	at java.util.concurrent.FutureTask.get(Unknown Source) ~[?:1.8.0_371]
	at net.minecraft.util.Util.runTask(Util.java:20) [bin/:?]
	at net.minecraft.client.Minecraft.runGameLoop(Minecraft.java:1001) [bin/:?]
	at net.minecraft.client.Minecraft.run(Minecraft.java:350) [bin/:?]
	at net.minecraft.client.main.Main.main(Main.java:113) [bin/:?]
	at Start.main(Start.java:11) [bin/:?]
Caused by: java.lang.NullPointerException
	at net.minecraft.client.network.NetHandlerPlayClient.handleSpawnPlayer(NetHandlerPlayClient.java:481) ~[bin/:?]
	at net.minecraft.network.play.server.S0CPacketSpawnPlayer.processPacket(S0CPacketSpawnPlayer.java:74) ~[bin/:?]
	at net.minecraft.network.play.server.S0CPacketSpawnPlayer.processPacket(S0CPacketSpawnPlayer.java:1) ~[bin/:?]
	at net.minecraft.network.PacketThreadUtil$1.run(PacketThreadUtil.java:22) ~[bin/:?]
	at java.util.concurrent.Executors$RunnableAdapter.call(Unknown Source) ~[?:1.8.0_371]
	at java.util.concurrent.FutureTask.run(Unknown Source) ~[?:1.8.0_371]
	at net.minecraft.util.Util.runTask(Util.java:19) ~[bin/:?]
	... 4 more
[12:43:47] [Client thread/INFO]: [CHAT] 4iakuda wants to fight!
[12:44:55] [Client thread/FATAL]: Error executing task
java.util.concurrent.ExecutionException: java.lang.NullPointerException
	at java.util.concurrent.FutureTask.report(Unknown Source) ~[?:1.8.0_371]
	at java.util.concurrent.FutureTask.get(Unknown Source) ~[?:1.8.0_371]
	at net.minecraft.util.Util.runTask(Util.java:20) [bin/:?]
	at net.minecraft.client.Minecraft.runGameLoop(Minecraft.java:1001) [bin/:?]
	at net.minecraft.client.Minecraft.run(Minecraft.java:350) [bin/:?]
	at net.minecraft.client.main.Main.main(Main.java:113) [bin/:?]
	at Start.main(Start.java:11) [bin/:?]
Caused by: java.lang.NullPointerException
	at net.minecraft.client.network.NetHandlerPlayClient.handleSpawnPlayer(NetHandlerPlayClient.java:481) ~[bin/:?]
	at net.minecraft.network.play.server.S0CPacketSpawnPlayer.processPacket(S0CPacketSpawnPlayer.java:74) ~[bin/:?]
	at net.minecraft.network.play.server.S0CPacketSpawnPlayer.processPacket(S0CPacketSpawnPlayer.java:1) ~[bin/:?]
	at net.minecraft.network.PacketThreadUtil$1.run(PacketThreadUtil.java:22) ~[bin/:?]
	at java.util.concurrent.Executors$RunnableAdapter.call(Unknown Source) ~[?:1.8.0_371]
	at java.util.concurrent.FutureTask.run(Unknown Source) ~[?:1.8.0_371]
	at net.minecraft.util.Util.runTask(Util.java:19) ~[bin/:?]
	... 4 more
[12:45:24] [Client thread/FATAL]: Error executing task
java.util.concurrent.ExecutionException: java.lang.NullPointerException
	at java.util.concurrent.FutureTask.report(Unknown Source) ~[?:1.8.0_371]
	at java.util.concurrent.FutureTask.get(Unknown Source) ~[?:1.8.0_371]
	at net.minecraft.util.Util.runTask(Util.java:20) [bin/:?]
	at net.minecraft.client.Minecraft.runGameLoop(Minecraft.java:1001) [bin/:?]
	at net.minecraft.client.Minecraft.run(Minecraft.java:350) [bin/:?]
	at net.minecraft.client.main.Main.main(Main.java:113) [bin/:?]
	at Start.main(Start.java:11) [bin/:?]
Caused by: java.lang.NullPointerException
	at net.minecraft.client.network.NetHandlerPlayClient.handleSpawnPlayer(NetHandlerPlayClient.java:481) ~[bin/:?]
	at net.minecraft.network.play.server.S0CPacketSpawnPlayer.processPacket(S0CPacketSpawnPlayer.java:74) ~[bin/:?]
	at net.minecraft.network.play.server.S0CPacketSpawnPlayer.processPacket(S0CPacketSpawnPlayer.java:1) ~[bin/:?]
	at net.minecraft.network.PacketThreadUtil$1.run(PacketThreadUtil.java:22) ~[bin/:?]
	at java.util.concurrent.Executors$RunnableAdapter.call(Unknown Source) ~[?:1.8.0_371]
	at java.util.concurrent.FutureTask.run(Unknown Source) ~[?:1.8.0_371]
	at net.minecraft.util.Util.runTask(Util.java:19) ~[bin/:?]
	... 4 more
[12:45:24] [Client thread/INFO]: [CHAT] ixc wants to fight!
[12:45:52] [Client thread/FATAL]: Error executing task
java.util.concurrent.ExecutionException: java.lang.NullPointerException
	at java.util.concurrent.FutureTask.report(Unknown Source) ~[?:1.8.0_371]
	at java.util.concurrent.FutureTask.get(Unknown Source) ~[?:1.8.0_371]
	at net.minecraft.util.Util.runTask(Util.java:20) [bin/:?]
	at net.minecraft.client.Minecraft.runGameLoop(Minecraft.java:1001) [bin/:?]
	at net.minecraft.client.Minecraft.run(Minecraft.java:350) [bin/:?]
	at net.minecraft.client.main.Main.main(Main.java:113) [bin/:?]
	at Start.main(Start.java:11) [bin/:?]
Caused by: java.lang.NullPointerException
	at net.minecraft.client.network.NetHandlerPlayClient.handleSpawnPlayer(NetHandlerPlayClient.java:481) ~[bin/:?]
	at net.minecraft.network.play.server.S0CPacketSpawnPlayer.processPacket(S0CPacketSpawnPlayer.java:74) ~[bin/:?]
	at net.minecraft.network.play.server.S0CPacketSpawnPlayer.processPacket(S0CPacketSpawnPlayer.java:1) ~[bin/:?]
	at net.minecraft.network.PacketThreadUtil$1.run(PacketThreadUtil.java:22) ~[bin/:?]
	at java.util.concurrent.Executors$RunnableAdapter.call(Unknown Source) ~[?:1.8.0_371]
	at java.util.concurrent.FutureTask.run(Unknown Source) ~[?:1.8.0_371]
	at net.minecraft.util.Util.runTask(Util.java:19) ~[bin/:?]
	... 4 more
[12:45:52] [Client thread/INFO]: [CHAT] guana wants to fight!
[12:46:18] [Client thread/FATAL]: Error executing task
java.util.concurrent.ExecutionException: java.lang.NullPointerException
	at java.util.concurrent.FutureTask.report(Unknown Source) ~[?:1.8.0_371]
	at java.util.concurrent.FutureTask.get(Unknown Source) ~[?:1.8.0_371]
	at net.minecraft.util.Util.runTask(Util.java:20) [bin/:?]
	at net.minecraft.client.Minecraft.runGameLoop(Minecraft.java:1001) [bin/:?]
	at net.minecraft.client.Minecraft.run(Minecraft.java:350) [bin/:?]
	at net.minecraft.client.main.Main.main(Main.java:113) [bin/:?]
	at Start.main(Start.java:11) [bin/:?]
Caused by: java.lang.NullPointerException
	at net.minecraft.client.network.NetHandlerPlayClient.handleSpawnPlayer(NetHandlerPlayClient.java:481) ~[bin/:?]
	at net.minecraft.network.play.server.S0CPacketSpawnPlayer.processPacket(S0CPacketSpawnPlayer.java:74) ~[bin/:?]
	at net.minecraft.network.play.server.S0CPacketSpawnPlayer.processPacket(S0CPacketSpawnPlayer.java:1) ~[bin/:?]
	at net.minecraft.network.PacketThreadUtil$1.run(PacketThreadUtil.java:22) ~[bin/:?]
	at java.util.concurrent.Executors$RunnableAdapter.call(Unknown Source) ~[?:1.8.0_371]
	at java.util.concurrent.FutureTask.run(Unknown Source) ~[?:1.8.0_371]
	at net.minecraft.util.Util.runTask(Util.java:19) ~[bin/:?]
	... 4 more
[12:46:40] [Client thread/INFO]: [CHAT] 105 ? Lobby ? ixc » hi
[12:46:42] [Client thread/INFO]: [CHAT] ? SkyWars Solo ? Warmup started. You will be teleported in the next 10 seconds.
[12:46:46] [Client thread/INFO]: [CHAT] 700 ? Lobby ? 4iakuda » YO IXC NOOB ASS ASMR VID MAKER SUP
[12:47:22] [Client thread/INFO]: [CHAT] 105 ? Lobby ? ixc » you ar ****
[12:47:27] [Client thread/INFO]: [CHAT] 700 ? Lobby ? 4iakuda » lmao ma
[12:47:31] [Client thread/INFO]: [CHAT] 100 ? Lobby ? waetybeewax » fat fuck
[12:47:46] [Client thread/INFO]: [CHAT] 105 ? Lobby ? ixc » hhhhhh
[12:47:57] [Client thread/FATAL]: Error executing task
java.util.concurrent.ExecutionException: java.lang.NullPointerException
	at java.util.concurrent.FutureTask.report(Unknown Source) ~[?:1.8.0_371]
	at java.util.concurrent.FutureTask.get(Unknown Source) ~[?:1.8.0_371]
	at net.minecraft.util.Util.runTask(Util.java:20) [bin/:?]
	at net.minecraft.client.Minecraft.runGameLoop(Minecraft.java:1001) [bin/:?]
	at net.minecraft.client.Minecraft.run(Minecraft.java:350) [bin/:?]
	at net.minecraft.client.main.Main.main(Main.java:113) [bin/:?]
	at Start.main(Start.java:11) [bin/:?]
Caused by: java.lang.NullPointerException
	at net.minecraft.client.network.NetHandlerPlayClient.handleSpawnPlayer(NetHandlerPlayClient.java:481) ~[bin/:?]
	at net.minecraft.network.play.server.S0CPacketSpawnPlayer.processPacket(S0CPacketSpawnPlayer.java:74) ~[bin/:?]
	at net.minecraft.network.play.server.S0CPacketSpawnPlayer.processPacket(S0CPacketSpawnPlayer.java:1) ~[bin/:?]
	at net.minecraft.network.PacketThreadUtil$1.run(PacketThreadUtil.java:22) ~[bin/:?]
	at java.util.concurrent.Executors$RunnableAdapter.call(Unknown Source) ~[?:1.8.0_371]
	at java.util.concurrent.FutureTask.run(Unknown Source) ~[?:1.8.0_371]
	at net.minecraft.util.Util.runTask(Util.java:19) ~[bin/:?]
	... 4 more
[12:47:57] [Client thread/INFO]: [CHAT] jigmaware wants to fight!
[12:48:00] [Client thread/INFO]: [CHAT] 105 ? Lobby ? ixc » chill guy
[12:48:01] [Client thread/INFO]: [CHAT] ? BC ? Want to be able to join full servers? Support BlocksMC and get premium rank https://store.blocksmc.com
[12:48:05] [Client thread/INFO]: [CHAT] 200 ? Lobby ? jigmaware » sybau
[12:48:10] [Client thread/INFO]: [CHAT] 200 ? Lobby ? jigmaware » we left that meme in 2024
[12:48:19] [Client thread/INFO]: [CHAT] 700 ? Lobby ? 4iakuda » lol lmaooooo
[12:49:03] [Client thread/FATAL]: Error executing task
java.util.concurrent.ExecutionException: java.lang.NullPointerException
	at java.util.concurrent.FutureTask.report(Unknown Source) ~[?:1.8.0_371]
	at java.util.concurrent.FutureTask.get(Unknown Source) ~[?:1.8.0_371]
	at net.minecraft.util.Util.runTask(Util.java:20) [bin/:?]
	at net.minecraft.client.Minecraft.runGameLoop(Minecraft.java:1001) [bin/:?]
	at net.minecraft.client.Minecraft.run(Minecraft.java:350) [bin/:?]
	at net.minecraft.client.main.Main.main(Main.java:113) [bin/:?]
	at Start.main(Start.java:11) [bin/:?]
Caused by: java.lang.NullPointerException
	at net.minecraft.client.network.NetHandlerPlayClient.handleSpawnPlayer(NetHandlerPlayClient.java:481) ~[bin/:?]
	at net.minecraft.network.play.server.S0CPacketSpawnPlayer.processPacket(S0CPacketSpawnPlayer.java:74) ~[bin/:?]
	at net.minecraft.network.play.server.S0CPacketSpawnPlayer.processPacket(S0CPacketSpawnPlayer.java:1) ~[bin/:?]
	at net.minecraft.network.PacketThreadUtil$1.run(PacketThreadUtil.java:22) ~[bin/:?]
	at java.util.concurrent.Executors$RunnableAdapter.call(Unknown Source) ~[?:1.8.0_371]
	at java.util.concurrent.FutureTask.run(Unknown Source) ~[?:1.8.0_371]
	at net.minecraft.util.Util.runTask(Util.java:19) ~[bin/:?]
	... 4 more
[12:49:03] [Client thread/INFO]: [CHAT] ixc wants to fight!
[12:49:05] [Client thread/FATAL]: Error executing task
java.util.concurrent.ExecutionException: java.lang.NullPointerException
	at java.util.concurrent.FutureTask.report(Unknown Source) ~[?:1.8.0_371]
	at java.util.concurrent.FutureTask.get(Unknown Source) ~[?:1.8.0_371]
	at net.minecraft.util.Util.runTask(Util.java:20) [bin/:?]
	at net.minecraft.client.Minecraft.runGameLoop(Minecraft.java:1001) [bin/:?]
	at net.minecraft.client.Minecraft.run(Minecraft.java:350) [bin/:?]
	at net.minecraft.client.main.Main.main(Main.java:113) [bin/:?]
	at Start.main(Start.java:11) [bin/:?]
Caused by: java.lang.NullPointerException
	at net.minecraft.client.network.NetHandlerPlayClient.handleSpawnPlayer(NetHandlerPlayClient.java:481) ~[bin/:?]
	at net.minecraft.network.play.server.S0CPacketSpawnPlayer.processPacket(S0CPacketSpawnPlayer.java:74) ~[bin/:?]
	at net.minecraft.network.play.server.S0CPacketSpawnPlayer.processPacket(S0CPacketSpawnPlayer.java:1) ~[bin/:?]
	at net.minecraft.network.PacketThreadUtil$1.run(PacketThreadUtil.java:22) ~[bin/:?]
	at java.util.concurrent.Executors$RunnableAdapter.call(Unknown Source) ~[?:1.8.0_371]
	at java.util.concurrent.FutureTask.run(Unknown Source) ~[?:1.8.0_371]
	at net.minecraft.util.Util.runTask(Util.java:19) ~[bin/:?]
	... 4 more
[12:49:05] [Client thread/INFO]: [CHAT] jigmaware wants to fight!
[12:49:23] [Client thread/INFO]: [CHAT] 200 ? Lobby ? jigmaware » why isnt anyone joining
[12:49:37] [Client thread/INFO]: [CHAT] 200 ? Lobby ? jigmaware » n why cant we just vote for the game to start
[12:49:46] [Client thread/INFO]: [CHAT] 200 ? Lobby ? jigmaware » instead of waiting for timer
[12:50:09] [Client thread/INFO]: [CHAT] 700 ? Lobby ? 4iakuda » ok vote
[12:50:15] [Client thread/INFO]: [CHAT] 200 ? Lobby ? jigmaware » we cant
[12:50:17] [Client thread/INFO]: [CHAT] 200 ? Lobby ? jigmaware » thats the problem
[12:50:21] [Client thread/INFO]: [CHAT] 700 ? Lobby ? 4iakuda » .
[12:50:25] [Client thread/INFO]: [CHAT] 700 ? Lobby ? 4iakuda » u hacking
[12:50:28] [Client thread/FATAL]: Error executing task
java.util.concurrent.ExecutionException: java.lang.NullPointerException
	at java.util.concurrent.FutureTask.report(Unknown Source) ~[?:1.8.0_371]
	at java.util.concurrent.FutureTask.get(Unknown Source) ~[?:1.8.0_371]
	at net.minecraft.util.Util.runTask(Util.java:20) [bin/:?]
	at net.minecraft.client.Minecraft.runGameLoop(Minecraft.java:1001) [bin/:?]
	at net.minecraft.client.Minecraft.run(Minecraft.java:350) [bin/:?]
	at net.minecraft.client.main.Main.main(Main.java:113) [bin/:?]
	at Start.main(Start.java:11) [bin/:?]
Caused by: java.lang.NullPointerException
	at net.minecraft.client.network.NetHandlerPlayClient.handleSpawnPlayer(NetHandlerPlayClient.java:481) ~[bin/:?]
	at net.minecraft.network.play.server.S0CPacketSpawnPlayer.processPacket(S0CPacketSpawnPlayer.java:74) ~[bin/:?]
	at net.minecraft.network.play.server.S0CPacketSpawnPlayer.processPacket(S0CPacketSpawnPlayer.java:1) ~[bin/:?]
	at net.minecraft.network.PacketThreadUtil$1.run(PacketThreadUtil.java:22) ~[bin/:?]
	at java.util.concurrent.Executors$RunnableAdapter.call(Unknown Source) ~[?:1.8.0_371]
	at java.util.concurrent.FutureTask.run(Unknown Source) ~[?:1.8.0_371]
	at net.minecraft.util.Util.runTask(Util.java:19) ~[bin/:?]
	... 4 more
[12:50:28] [Client thread/INFO]: [CHAT] ixc wants to fight!
[12:50:32] [Client thread/FATAL]: Error executing task
java.util.concurrent.ExecutionException: java.lang.NullPointerException
	at java.util.concurrent.FutureTask.report(Unknown Source) ~[?:1.8.0_371]
	at java.util.concurrent.FutureTask.get(Unknown Source) ~[?:1.8.0_371]
	at net.minecraft.util.Util.runTask(Util.java:20) [bin/:?]
	at net.minecraft.client.Minecraft.runGameLoop(Minecraft.java:1001) [bin/:?]
	at net.minecraft.client.Minecraft.run(Minecraft.java:350) [bin/:?]
	at net.minecraft.client.main.Main.main(Main.java:113) [bin/:?]
	at Start.main(Start.java:11) [bin/:?]
Caused by: java.lang.NullPointerException
	at net.minecraft.client.network.NetHandlerPlayClient.handleSpawnPlayer(NetHandlerPlayClient.java:481) ~[bin/:?]
	at net.minecraft.network.play.server.S0CPacketSpawnPlayer.processPacket(S0CPacketSpawnPlayer.java:74) ~[bin/:?]
	at net.minecraft.network.play.server.S0CPacketSpawnPlayer.processPacket(S0CPacketSpawnPlayer.java:1) ~[bin/:?]
	at net.minecraft.network.PacketThreadUtil$1.run(PacketThreadUtil.java:22) ~[bin/:?]
	at java.util.concurrent.Executors$RunnableAdapter.call(Unknown Source) ~[?:1.8.0_371]
	at java.util.concurrent.FutureTask.run(Unknown Source) ~[?:1.8.0_371]
	at net.minecraft.util.Util.runTask(Util.java:19) ~[bin/:?]
	... 4 more
[12:50:33] [Client thread/INFO]: [CHAT] starrynight11 wants to fight!
[12:50:33] [Client thread/INFO]: [CHAT] 200 ? Lobby ? jigmaware » which one
[12:50:34] [Client thread/INFO]: [CHAT] ? SkyWars Solo ? Warmup started. You will be teleported in the next 10 seconds.
[12:51:18] [Client thread/INFO]: [CHAT] 200 ? Lobby ? jigmaware » im bored
[12:53:22] [Client thread/FATAL]: Error executing task
java.util.concurrent.ExecutionException: java.lang.NullPointerException
	at java.util.concurrent.FutureTask.report(Unknown Source) ~[?:1.8.0_371]
	at java.util.concurrent.FutureTask.get(Unknown Source) ~[?:1.8.0_371]
	at net.minecraft.util.Util.runTask(Util.java:20) [bin/:?]
	at net.minecraft.client.Minecraft.runGameLoop(Minecraft.java:1001) [bin/:?]
	at net.minecraft.client.Minecraft.run(Minecraft.java:350) [bin/:?]
	at net.minecraft.client.main.Main.main(Main.java:113) [bin/:?]
	at Start.main(Start.java:11) [bin/:?]
Caused by: java.lang.NullPointerException
	at net.minecraft.client.network.NetHandlerPlayClient.handleSpawnPlayer(NetHandlerPlayClient.java:481) ~[bin/:?]
	at net.minecraft.network.play.server.S0CPacketSpawnPlayer.processPacket(S0CPacketSpawnPlayer.java:74) ~[bin/:?]
	at net.minecraft.network.play.server.S0CPacketSpawnPlayer.processPacket(S0CPacketSpawnPlayer.java:1) ~[bin/:?]
	at net.minecraft.network.PacketThreadUtil$1.run(PacketThreadUtil.java:22) ~[bin/:?]
	at java.util.concurrent.Executors$RunnableAdapter.call(Unknown Source) ~[?:1.8.0_371]
	at java.util.concurrent.FutureTask.run(Unknown Source) ~[?:1.8.0_371]
	at net.minecraft.util.Util.runTask(Util.java:19) ~[bin/:?]
	... 4 more
[12:53:22] [Client thread/INFO]: [CHAT] 0sympathy wants to fight!
[12:53:26] [Client thread/FATAL]: Error executing task
java.util.concurrent.ExecutionException: java.lang.NullPointerException
	at java.util.concurrent.FutureTask.report(Unknown Source) ~[?:1.8.0_371]
	at java.util.concurrent.FutureTask.get(Unknown Source) ~[?:1.8.0_371]
	at net.minecraft.util.Util.runTask(Util.java:20) [bin/:?]
	at net.minecraft.client.Minecraft.runGameLoop(Minecraft.java:1001) [bin/:?]
	at net.minecraft.client.Minecraft.run(Minecraft.java:350) [bin/:?]
	at net.minecraft.client.main.Main.main(Main.java:113) [bin/:?]
	at Start.main(Start.java:11) [bin/:?]
Caused by: java.lang.NullPointerException
	at net.minecraft.client.network.NetHandlerPlayClient.handleSpawnPlayer(NetHandlerPlayClient.java:481) ~[bin/:?]
	at net.minecraft.network.play.server.S0CPacketSpawnPlayer.processPacket(S0CPacketSpawnPlayer.java:74) ~[bin/:?]
	at net.minecraft.network.play.server.S0CPacketSpawnPlayer.processPacket(S0CPacketSpawnPlayer.java:1) ~[bin/:?]
	at net.minecraft.network.PacketThreadUtil$1.run(PacketThreadUtil.java:22) ~[bin/:?]
	at java.util.concurrent.Executors$RunnableAdapter.call(Unknown Source) ~[?:1.8.0_371]
	at java.util.concurrent.FutureTask.run(Unknown Source) ~[?:1.8.0_371]
	at net.minecraft.util.Util.runTask(Util.java:19) ~[bin/:?]
	... 4 more
[12:53:26] [Client thread/INFO]: [CHAT] R__79 wants to fight!
[12:54:01] [Client thread/INFO]: [CHAT] ? BC ? Secure your account by linking your email. Use /email <your email>
[12:54:23] [Client thread/FATAL]: Error executing task
java.util.concurrent.ExecutionException: java.lang.NullPointerException
	at java.util.concurrent.FutureTask.report(Unknown Source) ~[?:1.8.0_371]
	at java.util.concurrent.FutureTask.get(Unknown Source) ~[?:1.8.0_371]
	at net.minecraft.util.Util.runTask(Util.java:20) [bin/:?]
	at net.minecraft.client.Minecraft.runGameLoop(Minecraft.java:1001) [bin/:?]
	at net.minecraft.client.Minecraft.run(Minecraft.java:350) [bin/:?]
	at net.minecraft.client.main.Main.main(Main.java:113) [bin/:?]
	at Start.main(Start.java:11) [bin/:?]
Caused by: java.lang.NullPointerException
	at net.minecraft.client.network.NetHandlerPlayClient.handleSpawnPlayer(NetHandlerPlayClient.java:481) ~[bin/:?]
	at net.minecraft.network.play.server.S0CPacketSpawnPlayer.processPacket(S0CPacketSpawnPlayer.java:74) ~[bin/:?]
	at net.minecraft.network.play.server.S0CPacketSpawnPlayer.processPacket(S0CPacketSpawnPlayer.java:1) ~[bin/:?]
	at net.minecraft.network.PacketThreadUtil$1.run(PacketThreadUtil.java:22) ~[bin/:?]
	at java.util.concurrent.Executors$RunnableAdapter.call(Unknown Source) ~[?:1.8.0_371]
	at java.util.concurrent.FutureTask.run(Unknown Source) ~[?:1.8.0_371]
	at net.minecraft.util.Util.runTask(Util.java:19) ~[bin/:?]
	... 4 more
[12:54:23] [Client thread/INFO]: [CHAT] wastrom00 wants to fight!
[12:54:23] [Client thread/FATAL]: Error executing task
java.util.concurrent.ExecutionException: java.lang.NullPointerException
	at java.util.concurrent.FutureTask.report(Unknown Source) ~[?:1.8.0_371]
	at java.util.concurrent.FutureTask.get(Unknown Source) ~[?:1.8.0_371]
	at net.minecraft.util.Util.runTask(Util.java:20) [bin/:?]
	at net.minecraft.client.Minecraft.runGameLoop(Minecraft.java:1001) [bin/:?]
	at net.minecraft.client.Minecraft.run(Minecraft.java:350) [bin/:?]
	at net.minecraft.client.main.Main.main(Main.java:113) [bin/:?]
	at Start.main(Start.java:11) [bin/:?]
Caused by: java.lang.NullPointerException
	at net.minecraft.client.network.NetHandlerPlayClient.handleSpawnPlayer(NetHandlerPlayClient.java:481) ~[bin/:?]
	at net.minecraft.network.play.server.S0CPacketSpawnPlayer.processPacket(S0CPacketSpawnPlayer.java:74) ~[bin/:?]
	at net.minecraft.network.play.server.S0CPacketSpawnPlayer.processPacket(S0CPacketSpawnPlayer.java:1) ~[bin/:?]
	at net.minecraft.network.PacketThreadUtil$1.run(PacketThreadUtil.java:22) ~[bin/:?]
	at java.util.concurrent.Executors$RunnableAdapter.call(Unknown Source) ~[?:1.8.0_371]
	at java.util.concurrent.FutureTask.run(Unknown Source) ~[?:1.8.0_371]
	at net.minecraft.util.Util.runTask(Util.java:19) ~[bin/:?]
	... 4 more
[12:54:23] [Client thread/INFO]: [CHAT] moncif32 wants to fight!
[12:54:26] [Client thread/FATAL]: Error executing task
java.util.concurrent.ExecutionException: java.lang.NullPointerException
	at java.util.concurrent.FutureTask.report(Unknown Source) ~[?:1.8.0_371]
	at java.util.concurrent.FutureTask.get(Unknown Source) ~[?:1.8.0_371]
	at net.minecraft.util.Util.runTask(Util.java:20) [bin/:?]
	at net.minecraft.client.Minecraft.runGameLoop(Minecraft.java:1001) [bin/:?]
	at net.minecraft.client.Minecraft.run(Minecraft.java:350) [bin/:?]
	at net.minecraft.client.main.Main.main(Main.java:113) [bin/:?]
	at Start.main(Start.java:11) [bin/:?]
Caused by: java.lang.NullPointerException
	at net.minecraft.client.network.NetHandlerPlayClient.handleSpawnPlayer(NetHandlerPlayClient.java:481) ~[bin/:?]
	at net.minecraft.network.play.server.S0CPacketSpawnPlayer.processPacket(S0CPacketSpawnPlayer.java:74) ~[bin/:?]
	at net.minecraft.network.play.server.S0CPacketSpawnPlayer.processPacket(S0CPacketSpawnPlayer.java:1) ~[bin/:?]
	at net.minecraft.network.PacketThreadUtil$1.run(PacketThreadUtil.java:22) ~[bin/:?]
	at java.util.concurrent.Executors$RunnableAdapter.call(Unknown Source) ~[?:1.8.0_371]
	at java.util.concurrent.FutureTask.run(Unknown Source) ~[?:1.8.0_371]
	at net.minecraft.util.Util.runTask(Util.java:19) ~[bin/:?]
	... 4 more
[12:54:26] [Client thread/INFO]: [CHAT] peakdz wants to fight!
[12:54:26] [Client thread/INFO]: [CHAT] ? SkyWars Solo ? Warmup started. You will be teleported in the next 10 seconds.
[12:54:35] [Client thread/FATAL]: Error executing task
java.util.concurrent.ExecutionException: java.lang.NullPointerException
	at java.util.concurrent.FutureTask.report(Unknown Source) ~[?:1.8.0_371]
	at java.util.concurrent.FutureTask.get(Unknown Source) ~[?:1.8.0_371]
	at net.minecraft.util.Util.runTask(Util.java:20) [bin/:?]
	at net.minecraft.client.Minecraft.runGameLoop(Minecraft.java:1001) [bin/:?]
	at net.minecraft.client.Minecraft.run(Minecraft.java:350) [bin/:?]
	at net.minecraft.client.main.Main.main(Main.java:113) [bin/:?]
	at Start.main(Start.java:11) [bin/:?]
Caused by: java.lang.NullPointerException
	at net.minecraft.client.network.NetHandlerPlayClient.handleSpawnPlayer(NetHandlerPlayClient.java:481) ~[bin/:?]
	at net.minecraft.network.play.server.S0CPacketSpawnPlayer.processPacket(S0CPacketSpawnPlayer.java:74) ~[bin/:?]
	at net.minecraft.network.play.server.S0CPacketSpawnPlayer.processPacket(S0CPacketSpawnPlayer.java:1) ~[bin/:?]
	at net.minecraft.network.PacketThreadUtil$1.run(PacketThreadUtil.java:22) ~[bin/:?]
	at java.util.concurrent.Executors$RunnableAdapter.call(Unknown Source) ~[?:1.8.0_371]
	at java.util.concurrent.FutureTask.run(Unknown Source) ~[?:1.8.0_371]
	at net.minecraft.util.Util.runTask(Util.java:19) ~[bin/:?]
	... 4 more
[12:54:35] [Client thread/INFO]: [CHAT] gamertiy436892 wants to fight!
[12:54:45] [Client thread/INFO]: [CHAT] 135 ? Lobby ? peakdz » hi guys
[12:54:53] [Client thread/FATAL]: Error executing task
java.util.concurrent.ExecutionException: java.lang.NullPointerException
	at java.util.concurrent.FutureTask.report(Unknown Source) ~[?:1.8.0_371]
	at java.util.concurrent.FutureTask.get(Unknown Source) ~[?:1.8.0_371]
	at net.minecraft.util.Util.runTask(Util.java:20) [bin/:?]
	at net.minecraft.client.Minecraft.runGameLoop(Minecraft.java:1001) [bin/:?]
	at net.minecraft.client.Minecraft.run(Minecraft.java:350) [bin/:?]
	at net.minecraft.client.main.Main.main(Main.java:113) [bin/:?]
	at Start.main(Start.java:11) [bin/:?]
Caused by: java.lang.NullPointerException
	at net.minecraft.client.network.NetHandlerPlayClient.handleSpawnPlayer(NetHandlerPlayClient.java:481) ~[bin/:?]
	at net.minecraft.network.play.server.S0CPacketSpawnPlayer.processPacket(S0CPacketSpawnPlayer.java:74) ~[bin/:?]
	at net.minecraft.network.play.server.S0CPacketSpawnPlayer.processPacket(S0CPacketSpawnPlayer.java:1) ~[bin/:?]
	at net.minecraft.network.PacketThreadUtil$1.run(PacketThreadUtil.java:22) ~[bin/:?]
	at java.util.concurrent.Executors$RunnableAdapter.call(Unknown Source) ~[?:1.8.0_371]
	at java.util.concurrent.FutureTask.run(Unknown Source) ~[?:1.8.0_371]
	at net.minecraft.util.Util.runTask(Util.java:19) ~[bin/:?]
	... 4 more
[12:54:53] [Client thread/INFO]: [CHAT] R4wR4mgbounce wants to fight!
[12:55:25] [Client thread/FATAL]: Error executing task
java.util.concurrent.ExecutionException: java.lang.NullPointerException
	at java.util.concurrent.FutureTask.report(Unknown Source) ~[?:1.8.0_371]
	at java.util.concurrent.FutureTask.get(Unknown Source) ~[?:1.8.0_371]
	at net.minecraft.util.Util.runTask(Util.java:20) [bin/:?]
	at net.minecraft.client.Minecraft.runGameLoop(Minecraft.java:1001) [bin/:?]
	at net.minecraft.client.Minecraft.run(Minecraft.java:350) [bin/:?]
	at net.minecraft.client.main.Main.main(Main.java:113) [bin/:?]
	at Start.main(Start.java:11) [bin/:?]
Caused by: java.lang.NullPointerException
	at net.minecraft.client.network.NetHandlerPlayClient.handleSpawnPlayer(NetHandlerPlayClient.java:481) ~[bin/:?]
	at net.minecraft.network.play.server.S0CPacketSpawnPlayer.processPacket(S0CPacketSpawnPlayer.java:74) ~[bin/:?]
	at net.minecraft.network.play.server.S0CPacketSpawnPlayer.processPacket(S0CPacketSpawnPlayer.java:1) ~[bin/:?]
	at net.minecraft.network.PacketThreadUtil$1.run(PacketThreadUtil.java:22) ~[bin/:?]
	at java.util.concurrent.Executors$RunnableAdapter.call(Unknown Source) ~[?:1.8.0_371]
	at java.util.concurrent.FutureTask.run(Unknown Source) ~[?:1.8.0_371]
	at net.minecraft.util.Util.runTask(Util.java:19) ~[bin/:?]
	... 4 more
[12:55:25] [Client thread/INFO]: [CHAT] 3rbe511 wants to fight!
[12:55:40] [Client thread/FATAL]: Error executing task
java.util.concurrent.ExecutionException: java.lang.NullPointerException
	at java.util.concurrent.FutureTask.report(Unknown Source) ~[?:1.8.0_371]
	at java.util.concurrent.FutureTask.get(Unknown Source) ~[?:1.8.0_371]
	at net.minecraft.util.Util.runTask(Util.java:20) [bin/:?]
	at net.minecraft.client.Minecraft.runGameLoop(Minecraft.java:1001) [bin/:?]
	at net.minecraft.client.Minecraft.run(Minecraft.java:350) [bin/:?]
	at net.minecraft.client.main.Main.main(Main.java:113) [bin/:?]
	at Start.main(Start.java:11) [bin/:?]
Caused by: java.lang.NullPointerException
	at net.minecraft.client.network.NetHandlerPlayClient.handleSpawnPlayer(NetHandlerPlayClient.java:481) ~[bin/:?]
	at net.minecraft.network.play.server.S0CPacketSpawnPlayer.processPacket(S0CPacketSpawnPlayer.java:74) ~[bin/:?]
	at net.minecraft.network.play.server.S0CPacketSpawnPlayer.processPacket(S0CPacketSpawnPlayer.java:1) ~[bin/:?]
	at net.minecraft.network.PacketThreadUtil$1.run(PacketThreadUtil.java:22) ~[bin/:?]
	at java.util.concurrent.Executors$RunnableAdapter.call(Unknown Source) ~[?:1.8.0_371]
	at java.util.concurrent.FutureTask.run(Unknown Source) ~[?:1.8.0_371]
	at net.minecraft.util.Util.runTask(Util.java:19) ~[bin/:?]
	... 4 more
[12:55:40] [Client thread/INFO]: [CHAT] Thanh97979 wants to fight!
[12:55:47] [Client thread/INFO]: [CHAT] 13215 ? Lobby ? moncif32 » QD
[12:55:59] [Client thread/INFO]: [CHAT] 135 ? Lobby ? peakdz » how has here arabi
[12:56:09] [Client thread/INFO]: [CHAT] 13215 ? Lobby ? moncif32 » ?
[12:56:23] [Client thread/INFO]: [CHAT] 13215 ? Lobby ? moncif32 » DF
[12:56:43] [Client thread/INFO]: [CHAT] 505 ? Lobby ? wastrom00 » wants to fight!
[12:56:57] [Client thread/FATAL]: Error executing task
java.util.concurrent.ExecutionException: java.lang.NullPointerException
	at java.util.concurrent.FutureTask.report(Unknown Source) ~[?:1.8.0_371]
	at java.util.concurrent.FutureTask.get(Unknown Source) ~[?:1.8.0_371]
	at net.minecraft.util.Util.runTask(Util.java:20) [bin/:?]
	at net.minecraft.client.Minecraft.runGameLoop(Minecraft.java:1001) [bin/:?]
	at net.minecraft.client.Minecraft.run(Minecraft.java:350) [bin/:?]
	at net.minecraft.client.main.Main.main(Main.java:113) [bin/:?]
	at Start.main(Start.java:11) [bin/:?]
Caused by: java.lang.NullPointerException
	at net.minecraft.client.network.NetHandlerPlayClient.handleSpawnPlayer(NetHandlerPlayClient.java:481) ~[bin/:?]
	at net.minecraft.network.play.server.S0CPacketSpawnPlayer.processPacket(S0CPacketSpawnPlayer.java:74) ~[bin/:?]
	at net.minecraft.network.play.server.S0CPacketSpawnPlayer.processPacket(S0CPacketSpawnPlayer.java:1) ~[bin/:?]
	at net.minecraft.network.PacketThreadUtil$1.run(PacketThreadUtil.java:22) ~[bin/:?]
	at java.util.concurrent.Executors$RunnableAdapter.call(Unknown Source) ~[?:1.8.0_371]
	at java.util.concurrent.FutureTask.run(Unknown Source) ~[?:1.8.0_371]
	at net.minecraft.util.Util.runTask(Util.java:19) ~[bin/:?]
	... 4 more
[12:56:57] [Client thread/INFO]: [CHAT] 100 ? Lobby ? waetybeewax » i want to fight
[12:57:01] [Client thread/INFO]: [CHAT] 100 ? Lobby ? waetybeewax » u niger
[12:57:02] [Client thread/FATAL]: Error executing task
java.util.concurrent.ExecutionException: java.lang.NullPointerException
	at java.util.concurrent.FutureTask.report(Unknown Source) ~[?:1.8.0_371]
	at java.util.concurrent.FutureTask.get(Unknown Source) ~[?:1.8.0_371]
	at net.minecraft.util.Util.runTask(Util.java:20) [bin/:?]
	at net.minecraft.client.Minecraft.runGameLoop(Minecraft.java:1001) [bin/:?]
	at net.minecraft.client.Minecraft.run(Minecraft.java:350) [bin/:?]
	at net.minecraft.client.main.Main.main(Main.java:113) [bin/:?]
	at Start.main(Start.java:11) [bin/:?]
Caused by: java.lang.NullPointerException
	at net.minecraft.client.network.NetHandlerPlayClient.handleSpawnPlayer(NetHandlerPlayClient.java:481) ~[bin/:?]
	at net.minecraft.network.play.server.S0CPacketSpawnPlayer.processPacket(S0CPacketSpawnPlayer.java:74) ~[bin/:?]
	at net.minecraft.network.play.server.S0CPacketSpawnPlayer.processPacket(S0CPacketSpawnPlayer.java:1) ~[bin/:?]
	at net.minecraft.network.PacketThreadUtil$1.run(PacketThreadUtil.java:22) ~[bin/:?]
	at java.util.concurrent.Executors$RunnableAdapter.call(Unknown Source) ~[?:1.8.0_371]
	at java.util.concurrent.FutureTask.run(Unknown Source) ~[?:1.8.0_371]
	at net.minecraft.util.Util.runTask(Util.java:19) ~[bin/:?]
	... 4 more
[12:57:02] [Client thread/INFO]: [CHAT] senpai_spider wants to fight!
[12:57:02] [Client thread/FATAL]: Error executing task
java.util.concurrent.ExecutionException: java.lang.NullPointerException
	at java.util.concurrent.FutureTask.report(Unknown Source) ~[?:1.8.0_371]
	at java.util.concurrent.FutureTask.get(Unknown Source) ~[?:1.8.0_371]
	at net.minecraft.util.Util.runTask(Util.java:20) [bin/:?]
	at net.minecraft.client.Minecraft.runGameLoop(Minecraft.java:1001) [bin/:?]
	at net.minecraft.client.Minecraft.run(Minecraft.java:350) [bin/:?]
	at net.minecraft.client.main.Main.main(Main.java:113) [bin/:?]
	at Start.main(Start.java:11) [bin/:?]
Caused by: java.lang.NullPointerException
	at net.minecraft.client.network.NetHandlerPlayClient.handleSpawnPlayer(NetHandlerPlayClient.java:481) ~[bin/:?]
	at net.minecraft.network.play.server.S0CPacketSpawnPlayer.processPacket(S0CPacketSpawnPlayer.java:74) ~[bin/:?]
	at net.minecraft.network.play.server.S0CPacketSpawnPlayer.processPacket(S0CPacketSpawnPlayer.java:1) ~[bin/:?]
	at net.minecraft.network.PacketThreadUtil$1.run(PacketThreadUtil.java:22) ~[bin/:?]
	at java.util.concurrent.Executors$RunnableAdapter.call(Unknown Source) ~[?:1.8.0_371]
	at java.util.concurrent.FutureTask.run(Unknown Source) ~[?:1.8.0_371]
	at net.minecraft.util.Util.runTask(Util.java:19) ~[bin/:?]
	... 4 more
[12:57:02] [Client thread/INFO]: [CHAT] ? SkyWars Solo ? Warmup started. You will be teleported in the next 10 seconds.
[12:57:12] [Client thread/INFO]: [CHAT] Cages open in: 10 seconds!
[12:57:13] [Client thread/INFO]: [CHAT] Cages open in: 9 seconds!
[12:57:14] [Client thread/INFO]: [CHAT] Cages open in: 8 seconds!
[12:57:15] [Client thread/INFO]: [CHAT] Cages open in: 7 seconds!
[12:57:16] [Client thread/INFO]: [CHAT] Cages open in: 6 seconds!
[12:57:17] [Client thread/INFO]: [CHAT] Cages open in: 5 seconds!
[12:57:18] [Client thread/INFO]: [CHAT] Cages open in: 4 seconds!
[12:57:19] [Client thread/INFO]: [CHAT] Cages open in: 3 seconds!
[12:57:20] [Client thread/INFO]: [CHAT] Cages open in: 2 seconds!
[12:57:21] [Client thread/INFO]: [CHAT] Cages open in: 1 seconds!
[12:57:22] [Client thread/INFO]: [CHAT] Cages opened! FIGHT!
[12:57:42] [Client thread/INFO]: [CHAT] ? SkyWars Solo ? You gained 5 global points for killing wastrom00
[12:57:42] [Client thread/INFO]: [CHAT] wastrom00 was killed by waetybeewax
[12:57:52] [Client thread/INFO]: [CHAT] senpai_spider was killed by peakdz
[12:57:54] [Client thread/INFO]: [CHAT] ? SkyWars Solo ? You gained 5 global points for killing 3rbe511
[12:57:54] [Client thread/INFO]: [CHAT] 3rbe511 was killed by waetybeewax
[12:58:23] [Client thread/INFO]: [CHAT] ProPlayerLmao was killed by gamertiy436892
[12:58:26] [Client thread/INFO]: [CHAT] gamertiy436892 was killed by potetosss
[12:58:31] [Client thread/INFO]: [CHAT] §f[§aCryptix§f] Saved config as: blocksmc
[12:58:40] [Client thread/INFO]: [CHAT] starrynight11 was killed by Thanh97979
[12:58:45] [Client thread/INFO]: [CHAT] peakdz was killed by potetosss
[12:59:07] [Client thread/INFO]: [CHAT] ? SkyWars Solo ? You gained 5 global points for killing potetosss
[12:59:07] [Client thread/INFO]: [CHAT] potetosss was killed by waetybeewax
[12:59:10] [Client thread/ERROR]: Item entity 421871 has no item?!
[12:59:10] [Client thread/ERROR]: Item entity 421871 has no item?!
[12:59:10] [Client thread/ERROR]: Item entity 421873 has no item?!
[12:59:10] [Client thread/ERROR]: Item entity 421873 has no item?!
[12:59:15] [Client thread/INFO]: [CHAT] ? SkyWars Solo ? You gained 5 global points for killing Thanh97979
[12:59:15] [Client thread/INFO]: [CHAT] Thanh97979 was killed by waetybeewax
[12:59:15] [Client thread/ERROR]: Item entity 422032 has no item?!
[12:59:19] [Client thread/INFO]: [CHAT] ? SkyWars Solo ? You gained 5 global points for killing moncif32
[12:59:19] [Client thread/INFO]: [CHAT] moncif32 was killed by waetybeewax
[12:59:19] [Client thread/ERROR]: Item entity 422128 has no item?!
[12:59:19] [Client thread/ERROR]: Item entity 422128 has no item?!
[12:59:19] [Client thread/INFO]: [CHAT] ? SkyWars Solo ? You gained 75 global points for winning the game.
[12:59:19] [Client thread/INFO]: [CHAT] ? BlocksMC ? You earned 15 tokens! You now have 15 tokens.
[12:59:19] [Client thread/INFO]: [CHAT] ? SkyWars Solo ? Match Recap - Games Played: 1 Total Points: 100 Kills: 5 Deaths: 0 Victories: 1
[12:59:23] [Client thread/INFO]: [CHAT] waetybeewax wants to fight!
[12:59:27] [Client thread/INFO]: Connecting to ccc.blocksmc.com., 25565
